Started...  
Started Scrapping @katyperry...  
Finished Scrapping @katyperry...  
Started Scrapping @justinbieber...  
Finished Scrapping @justinbieber...  
Started Scrapping @BarackObama...  
Finished Scrapping @BarackObama...  
Started Scrapping @rihanna...  
Finished Scrapping @rihanna...  
Started Scrapping @taylorswift13...  
Finished Scrapping @taylorswift13...  
Started Scrapping @ladygaga...  
Finished Scrapping @ladygaga...  
Started Scrapping @TheEllenShow...  
Finished Scrapping @TheEllenShow...  
Started Scrapping @Cristiano...  
Finished Scrapping @Cristiano...  
Started Scrapping @YouTube...  
Finished Scrapping @YouTube...  
Started Scrapping @jtimberlake...  
Finished Scrapping @jtimberlake...  
Started Scrapping @ArianaGrande...  
Finished Scrapping @ArianaGrande...  
Started Scrapping @KimKardashian...  
Finished Scrapping @KimKardashian...  
Started Scrapping @realDonaldTrump...  
Finished Scrapping @realDonaldTrump...  
Started Scrapping @ddlovato...  
Finished Scrapping @ddlovato...  
Started Scrapping @selenagomez...  
Finished Scrapping @selenagomez...  
Started Scrapping @britneyspears...  
Finished Scrapping @britneyspears...  
Started Scrapping @Twitter...  
Finished Scrapping @Twitter...  
Started Scrapping @cnnbrk...  
Finished Scrapping @cnnbrk...  
Started Scrapping @shakira...  
Finished Scrapping @shakira...  
Started Scrapping @jimmyfallon...  
Finished Scrapping @jimmyfallon...  
Started Scrapping @BillGates...  
Finished Scrapping @BillGates...  
Started Scrapping @narendramodi...  
Finished Scrapping @narendramodi...  
Started Scrapping @JLo...  
Finished Scrapping @JLo...  
Started Scrapping @nytimes...  
